{"level":"info","message":"Server running on http://localhost:3000","timestamp":"2025-01-26T21:07:39.165Z"}
{"level":"info","message":"Auth request: GET /api/auth/login","timestamp":"2025-01-26T21:07:49.139Z"}
{"level":"info","message":"Auth request: GET /api/auth/signup","timestamp":"2025-01-26T21:07:52.424Z"}
{"level":"error","message":"Failed to connect to MongoDB Server selection timed out after 30000 ms","reason":{"commonWireVersion":0,"compatible":true,"heartbeatFrequencyMS":10000,"localThresholdMS":15,"logicalSessionTimeoutMinutes":30,"maxElectionId":null,"maxSetVersion":null,"servers":{"cluster0-shard-00-00.tur92.mongodb.net:27017":{"$clusterTime":{"clusterTime":{"$timestamp":{"i":23,"t":1737925676}},"signature":{"hash":{"0":67,"1":37,"10":170,"11":104,"12":114,"13":158,"14":92,"15":138,"16":122,"17":28,"18":131,"19":37,"2":106,"3":228,"4":99,"5":252,"6":24,"7":0,"8":108,"9":45},"keyId":7422477681112908000}},"address":"cluster0-shard-00-00.tur92.mongodb.net:27017","arbiters":[],"electionId":null,"error":null,"hosts":["cluster0-shard-00-00.tur92.mongodb.net:27017","cluster0-shard-00-01.tur92.mongodb.net:27017","cluster0-shard-00-02.tur92.mongodb.net:27017"],"iscryptd":false,"lastUpdateTime":2202690731,"lastWriteDate":{"$date":"2025-01-26T21:07:56Z"},"logicalSessionTimeoutMinutes":30,"maxBsonObjectSize":16777216,"maxMessageSizeBytes":48000000,"maxWireVersion":25,"maxWriteBatchSize":100000,"me":"cluster0-shard-00-00.tur92.mongodb.net:27017","minRoundTripTime":0,"minWireVersion":0,"passives":[],"primary":"cluster0-shard-00-02.tur92.mongodb.net:27017","roundTripTime":7414,"setName":"atlas-c0dvgt-shard-0","setVersion":206,"tags":{"availabilityZone":"aps1-az1","diskState":"READY","nodeType":"ELECTABLE","provider":"AWS","region":"AP_SOUTH_1","workloadType":"OPERATIONAL"},"topologyVersion":{"counter":4,"processId":{"$oid":"679697c8f8f68b61ed941422"}},"type":"RSSecondary"},"cluster0-shard-00-01.tur92.mongodb.net:27017":{"$clusterTime":{"clusterTime":{"$timestamp":{"i":20,"t":1737925676}},"signature":{"hash":{"0":67,"1":37,"10":170,"11":104,"12":114,"13":158,"14":92,"15":138,"16":122,"17":28,"18":131,"19":37,"2":106,"3":228,"4":99,"5":252,"6":24,"7":0,"8":108,"9":45},"keyId":7422477681112908000}},"address":"cluster0-shard-00-01.tur92.mongodb.net:27017","arbiters":[],"electionId":null,"error":null,"hosts":["cluster0-shard-00-00.tur92.mongodb.net:27017","cluster0-shard-00-01.tur92.mongodb.net:27017","cluster0-shard-00-02.tur92.mongodb.net:27017"],"iscryptd":false,"lastUpdateTime":2202694374,"lastWriteDate":{"$date":"2025-01-26T21:07:56Z"},"logicalSessionTimeoutMinutes":30,"maxBsonObjectSize":16777216,"maxMessageSizeBytes":48000000,"maxWireVersion":25,"maxWriteBatchSize":100000,"me":"cluster0-shard-00-01.tur92.mongodb.net:27017","minRoundTripTime":0,"minWireVersion":0,"passives":[],"primary":"cluster0-shard-00-02.tur92.mongodb.net:27017","roundTripTime":11200,"setName":"atlas-c0dvgt-shard-0","setVersion":206,"tags":{"availabilityZone":"aps1-az3","diskState":"READY","nodeType":"ELECTABLE","provider":"AWS","region":"AP_SOUTH_1","workloadType":"OPERATIONAL"},"topologyVersion":{"counter":3,"processId":{"$oid":"67969d88bdf8db9ea5fb219d"}},"type":"RSSecondary"},"cluster0-shard-00-02.tur92.mongodb.net:27017":{"$clusterTime":null,"address":"cluster0-shard-00-02.tur92.mongodb.net:27017","arbiters":[],"electionId":null,"error":null,"hosts":[],"iscryptd":false,"lastUpdateTime":2202665792,"lastWriteDate":0,"logicalSessionTimeoutMinutes":null,"maxBsonObjectSize":null,"maxMessageSizeBytes":null,"maxWireVersion":0,"maxWriteBatchSize":null,"me":null,"minRoundTripTime":0,"minWireVersion":0,"passives":[],"primary":null,"roundTripTime":-1,"setName":null,"setVersion":null,"tags":{},"topologyVersion":null,"type":"Unknown"}},"setName":"atlas-c0dvgt-shard-0","stale":false,"type":"ReplicaSetNoPrimary"},"stack":"MongooseServerSelectionError: Server selection timed out after 30000 ms\n    at _handleConnectionErrors (/Users/Subhan/Downloads/user-management-system/node_modules/mongoose/lib/connection.js:1110:11)\n    at NativeConnection.openUri (/Users/Subhan/Downloads/user-management-system/node_modules/mongoose/lib/connection.js:1041:11)","timestamp":"2025-01-26T21:08:09.297Z"}
{"level":"info","message":"Server running on http://localhost:3000","timestamp":"2025-01-26T21:08:12.556Z"}
{"level":"info","message":"Auth request: GET /api/auth/signup","timestamp":"2025-01-26T21:08:18.328Z"}
{"level":"info","message":"Auth request: POST /api/auth/signup","timestamp":"2025-01-26T21:08:24.321Z"}
{"level":"error","message":"Failed to connect to MongoDB Could not connect to any servers in your MongoDB Atlas cluster. One common reason is that you're trying to access the database from an IP that isn't whitelisted. Make sure your current IP address is on your Atlas cluster's IP whitelist: https://www.mongodb.com/docs/atlas/security-whitelist/","reason":{"commonWireVersion":0,"compatible":true,"heartbeatFrequencyMS":10000,"localThresholdMS":15,"logicalSessionTimeoutMinutes":null,"maxElectionId":null,"maxSetVersion":null,"servers":{"cluster0-shard-00-00.tur92.mongodb.net:27017":{"$clusterTime":null,"address":"cluster0-shard-00-00.tur92.mongodb.net:27017","arbiters":[],"electionId":null,"error":null,"hosts":[],"iscryptd":false,"lastUpdateTime":2202699182,"lastWriteDate":0,"logicalSessionTimeoutMinutes":null,"maxBsonObjectSize":null,"maxMessageSizeBytes":null,"maxWireVersion":0,"maxWriteBatchSize":null,"me":null,"minRoundTripTime":0,"minWireVersion":0,"passives":[],"primary":null,"roundTripTime":-1,"setName":null,"setVersion":null,"tags":{},"topologyVersion":null,"type":"Unknown"},"cluster0-shard-00-01.tur92.mongodb.net:27017":{"$clusterTime":null,"address":"cluster0-shard-00-01.tur92.mongodb.net:27017","arbiters":[],"electionId":null,"error":null,"hosts":[],"iscryptd":false,"lastUpdateTime":2202699182,"lastWriteDate":0,"logicalSessionTimeoutMinutes":null,"maxBsonObjectSize":null,"maxMessageSizeBytes":null,"maxWireVersion":0,"maxWriteBatchSize":null,"me":null,"minRoundTripTime":0,"minWireVersion":0,"passives":[],"primary":null,"roundTripTime":-1,"setName":null,"setVersion":null,"tags":{},"topologyVersion":null,"type":"Unknown"},"cluster0-shard-00-02.tur92.mongodb.net:27017":{"$clusterTime":null,"address":"cluster0-shard-00-02.tur92.mongodb.net:27017","arbiters":[],"electionId":null,"error":null,"hosts":[],"iscryptd":false,"lastUpdateTime":2202699182,"lastWriteDate":0,"logicalSessionTimeoutMinutes":null,"maxBsonObjectSize":null,"maxMessageSizeBytes":null,"maxWireVersion":0,"maxWriteBatchSize":null,"me":null,"minRoundTripTime":0,"minWireVersion":0,"passives":[],"primary":null,"roundTripTime":-1,"setName":null,"setVersion":null,"tags":{},"topologyVersion":null,"type":"Unknown"}},"setName":"atlas-c0dvgt-shard-0","stale":false,"type":"ReplicaSetNoPrimary"},"stack":"MongooseServerSelectionError: Could not connect to any servers in your MongoDB Atlas cluster. One common reason is that you're trying to access the database from an IP that isn't whitelisted. Make sure your current IP address is on your Atlas cluster's IP whitelist: https://www.mongodb.com/docs/atlas/security-whitelist/\n    at _handleConnectionErrors (/Users/Subhan/Downloads/user-management-system/node_modules/mongoose/lib/connection.js:1110:11)\n    at NativeConnection.openUri (/Users/Subhan/Downloads/user-management-system/node_modules/mongoose/lib/connection.js:1041:11)","timestamp":"2025-01-26T21:08:42.681Z"}
{"level":"info","message":"Auth request: POST /api/auth/signup","timestamp":"2025-01-26T21:08:45.450Z"}
{"level":"info","message":"Auth request: POST /api/auth/signup","timestamp":"2025-01-26T21:09:04.790Z"}
{"level":"info","message":"Server running on http://localhost:3000","timestamp":"2025-01-26T21:09:56.430Z"}
{"level":"info","message":"Server running on http://localhost:3000","timestamp":"2025-01-26T21:10:47.914Z"}
{"level":"error","message":"Failed to connect to MongoDB Could not connect to any servers in your MongoDB Atlas cluster. One common reason is that you're trying to access the database from an IP that isn't whitelisted. Make sure your current IP address is on your Atlas cluster's IP whitelist: https://www.mongodb.com/docs/atlas/security-whitelist/","reason":{"commonWireVersion":0,"compatible":true,"heartbeatFrequencyMS":10000,"localThresholdMS":15,"logicalSessionTimeoutMinutes":null,"maxElectionId":null,"maxSetVersion":null,"servers":{"cluster0-shard-00-00.tur92.mongodb.net:27017":{"$clusterTime":null,"address":"cluster0-shard-00-00.tur92.mongodb.net:27017","arbiters":[],"electionId":null,"error":null,"hosts":[],"iscryptd":false,"lastUpdateTime":2202854634,"lastWriteDate":0,"logicalSessionTimeoutMinutes":null,"maxBsonObjectSize":null,"maxMessageSizeBytes":null,"maxWireVersion":0,"maxWriteBatchSize":null,"me":null,"minRoundTripTime":0,"minWireVersion":0,"passives":[],"primary":null,"roundTripTime":-1,"setName":null,"setVersion":null,"tags":{},"topologyVersion":null,"type":"Unknown"},"cluster0-shard-00-01.tur92.mongodb.net:27017":{"$clusterTime":null,"address":"cluster0-shard-00-01.tur92.mongodb.net:27017","arbiters":[],"electionId":null,"error":null,"hosts":[],"iscryptd":false,"lastUpdateTime":2202854634,"lastWriteDate":0,"logicalSessionTimeoutMinutes":null,"maxBsonObjectSize":null,"maxMessageSizeBytes":null,"maxWireVersion":0,"maxWriteBatchSize":null,"me":null,"minRoundTripTime":0,"minWireVersion":0,"passives":[],"primary":null,"roundTripTime":-1,"setName":null,"setVersion":null,"tags":{},"topologyVersion":null,"type":"Unknown"},"cluster0-shard-00-02.tur92.mongodb.net:27017":{"$clusterTime":null,"address":"cluster0-shard-00-02.tur92.mongodb.net:27017","arbiters":[],"electionId":null,"error":null,"hosts":[],"iscryptd":false,"lastUpdateTime":2202854634,"lastWriteDate":0,"logicalSessionTimeoutMinutes":null,"maxBsonObjectSize":null,"maxMessageSizeBytes":null,"maxWireVersion":0,"maxWriteBatchSize":null,"me":null,"minRoundTripTime":0,"minWireVersion":0,"passives":[],"primary":null,"roundTripTime":-1,"setName":null,"setVersion":null,"tags":{},"topologyVersion":null,"type":"Unknown"}},"setName":"atlas-c0dvgt-shard-0","stale":false,"type":"ReplicaSetNoPrimary"},"stack":"MongooseServerSelectionError: Could not connect to any servers in your MongoDB Atlas cluster. One common reason is that you're trying to access the database from an IP that isn't whitelisted. Make sure your current IP address is on your Atlas cluster's IP whitelist: https://www.mongodb.com/docs/atlas/security-whitelist/\n    at _handleConnectionErrors (/Users/Subhan/Downloads/user-management-system/node_modules/mongoose/lib/connection.js:1110:11)\n    at NativeConnection.openUri (/Users/Subhan/Downloads/user-management-system/node_modules/mongoose/lib/connection.js:1041:11)","timestamp":"2025-01-26T21:11:18.138Z"}
{"level":"info","message":"Server running on http://localhost:3000","timestamp":"2025-01-26T21:14:55.133Z"}
{"level":"info","message":"Connected to MongoDB","timestamp":"2025-01-26T21:14:56.390Z"}
{"level":"info","message":"Auth request: POST /api/auth/signup","timestamp":"2025-01-26T21:15:16.728Z"}
{"level":"info","message":"Auth request: POST /api/auth/signup","timestamp":"2025-01-26T21:15:33.268Z"}
{"level":"info","message":"Auth request: GET /api/auth/signup","timestamp":"2025-01-26T21:15:37.451Z"}
{"level":"info","message":"Auth request: GET /api/auth/login","timestamp":"2025-01-26T21:15:39.970Z"}
{"level":"info","message":"Auth request: POST /api/auth/login","timestamp":"2025-01-26T21:16:00.329Z"}
{"level":"info","message":"Auth request: GET /api/auth/login","timestamp":"2025-01-26T21:16:16.006Z"}
{"level":"info","message":"Server running on http://localhost:3000","timestamp":"2025-01-26T21:19:14.987Z"}
{"level":"info","message":"Connected to MongoDB","timestamp":"2025-01-26T21:19:16.765Z"}
{"level":"info","message":"Auth request: GET /api/auth/login","timestamp":"2025-01-26T21:19:17.819Z"}
{"level":"info","message":"Auth request: GET /api/auth/signup","timestamp":"2025-01-26T21:19:23.839Z"}
{"level":"info","message":"Server running on http://localhost:3000","timestamp":"2025-01-26T21:20:33.692Z"}
{"level":"info","message":"Auth request: GET /api/auth/signup","timestamp":"2025-01-26T21:20:34.676Z"}
{"level":"info","message":"Connected to MongoDB","timestamp":"2025-01-26T21:20:34.812Z"}
{"level":"info","message":"Auth request: GET /api/auth/signup","timestamp":"2025-01-26T21:20:43.401Z"}
{"level":"info","message":"Auth request: POST /api/auth/signup","timestamp":"2025-01-26T21:20:54.895Z"}
{"level":"info","message":"Auth request: GET /api/auth/login","timestamp":"2025-01-26T21:20:59.075Z"}
{"level":"info","message":"Server running on http://localhost:3000","timestamp":"2025-01-28T18:36:54.811Z"}
{"level":"info","message":"Connected to MongoDB","timestamp":"2025-01-28T18:36:56.502Z"}
{"level":"info","message":"Auth request: GET /api/auth/signup","timestamp":"2025-01-28T18:36:59.282Z"}
{"level":"info","message":"Auth request: GET /api/auth/signup","timestamp":"2025-01-28T18:37:13.970Z"}
{"level":"info","message":"Auth request: POST /api/auth/signup","timestamp":"2025-01-28T18:37:20.766Z"}
{"level":"info","message":"Auth request: GET /api/auth/signup","timestamp":"2025-01-28T18:37:24.819Z"}
{"level":"info","message":"Auth request: GET /api/auth/login","timestamp":"2025-01-28T18:37:26.920Z"}
{"level":"info","message":"Auth request: POST /api/auth/login","timestamp":"2025-01-28T18:37:31.719Z"}
{"level":"info","message":"Auth request: GET /api/auth/profile","timestamp":"2025-01-28T18:37:31.874Z"}
{"level":"info","message":"Auth request: GET /api/auth/logout","timestamp":"2025-01-28T18:37:37.253Z"}
{"level":"info","message":"Auth request: GET /api/auth/login","timestamp":"2025-01-28T18:37:37.261Z"}
{"level":"info","message":"Server running on http://localhost:3000","timestamp":"2025-01-28T18:46:24.010Z"}
{"level":"info","message":"Connected to MongoDB","timestamp":"2025-01-28T18:46:24.924Z"}
{"level":"info","message":"Auth request: GET /api/auth/login","timestamp":"2025-01-28T18:46:32.754Z"}
{"level":"info","message":"Auth request: POST /api/auth/login","timestamp":"2025-01-28T18:46:39.690Z"}
{"level":"info","message":"Auth request: GET /api/auth/profile","timestamp":"2025-01-28T18:46:39.865Z"}
{"level":"info","message":"Auth request: GET /api/auth/logout","timestamp":"2025-01-28T18:46:44.160Z"}
{"level":"info","message":"Auth request: GET /api/auth/login","timestamp":"2025-01-28T18:46:44.183Z"}
{"level":"info","message":"Auth request: POST /api/auth/login","timestamp":"2025-01-28T18:46:53.399Z"}
{"level":"info","message":"Auth request: GET /api/auth/profile","timestamp":"2025-01-28T18:46:53.588Z"}
{"level":"info","message":"Auth request: GET /api/auth/logout","timestamp":"2025-01-28T18:46:56.117Z"}
{"level":"info","message":"Auth request: GET /api/auth/login","timestamp":"2025-01-28T18:46:56.130Z"}
{"level":"info","message":"Auth request: GET /api/auth/login","timestamp":"2025-01-28T18:51:43.001Z"}
{"level":"info","message":"Auth request: POST /api/auth/login","timestamp":"2025-01-28T18:51:51.188Z"}
{"level":"info","message":"Auth request: GET /api/auth/profile","timestamp":"2025-01-28T18:51:51.340Z"}
{"level":"info","message":"Auth request: GET /api/auth/logout","timestamp":"2025-01-28T18:51:53.800Z"}
{"level":"info","message":"Auth request: GET /api/auth/login","timestamp":"2025-01-28T18:51:53.817Z"}
{"level":"info","message":"Server running on http://localhost:3000","timestamp":"2025-01-28T18:52:11.186Z"}
{"level":"info","message":"Connected to MongoDB","timestamp":"2025-01-28T18:52:12.097Z"}
{"level":"info","message":"Auth request: GET /api/auth/login","timestamp":"2025-01-28T18:52:17.263Z"}
{"level":"info","message":"Server running on http://localhost:3000","timestamp":"2025-01-28T18:53:24.182Z"}
{"level":"info","message":"Connected to MongoDB","timestamp":"2025-01-28T18:53:25.153Z"}
{"level":"info","message":"Auth request: GET /api/auth/login","timestamp":"2025-01-28T18:53:44.595Z"}
{"level":"info","message":"Server running on http://localhost:3000","timestamp":"2025-01-28T18:55:02.676Z"}
{"level":"info","message":"Connected to MongoDB","timestamp":"2025-01-28T18:55:03.767Z"}
{"level":"info","message":"Auth request: GET /api/auth/login","timestamp":"2025-01-28T18:55:15.687Z"}
{"level":"info","message":"Auth request: POST /api/auth/login","timestamp":"2025-01-28T18:55:20.392Z"}
{"level":"info","message":"Auth request: POST /api/auth/login","timestamp":"2025-01-28T18:55:25.946Z"}
{"level":"info","message":"Auth request: GET /api/auth/profile","timestamp":"2025-01-28T18:55:26.149Z"}
{"level":"info","message":"Auth request: GET /api/auth/logout","timestamp":"2025-01-28T18:55:34.608Z"}
{"level":"info","message":"Auth request: GET /api/auth/login","timestamp":"2025-01-28T18:55:34.621Z"}
{"level":"info","message":"Server running on http://localhost:3000","timestamp":"2025-01-28T19:01:59.475Z"}
{"level":"info","message":"Connected to MongoDB","timestamp":"2025-01-28T19:02:00.344Z"}
{"level":"info","message":"Auth request: GET /api/auth/login","timestamp":"2025-01-28T19:02:06.756Z"}
{"level":"info","message":"Auth request: POST /api/auth/login","timestamp":"2025-01-28T19:02:28.630Z"}
{"level":"info","message":"Auth request: POST /api/auth/login","timestamp":"2025-01-28T19:02:38.421Z"}
{"level":"info","message":"Auth request: GET /api/auth/profile","timestamp":"2025-01-28T19:02:38.586Z"}
{"level":"info","message":"Auth request: GET /api/auth/logout","timestamp":"2025-01-28T19:02:42.419Z"}
{"level":"info","message":"Auth request: GET /api/auth/login","timestamp":"2025-01-28T19:02:42.472Z"}
{"level":"info","message":"Auth request: GET /api/auth/login","timestamp":"2025-01-28T19:03:32.621Z"}
{"level":"info","message":"Auth request: GET /api/auth/login","timestamp":"2025-01-28T19:03:33.593Z"}
{"level":"info","message":"Auth request: GET /api/auth/login","timestamp":"2025-01-28T19:03:33.792Z"}
{"level":"info","message":"Auth request: GET /api/auth/login","timestamp":"2025-01-28T19:03:33.990Z"}
{"level":"info","message":"Auth request: GET /api/auth/login","timestamp":"2025-01-28T19:03:34.185Z"}
{"level":"info","message":"Auth request: GET /api/auth/login","timestamp":"2025-01-28T19:03:34.381Z"}
{"level":"info","message":"Auth request: GET /api/auth/login","timestamp":"2025-01-28T19:03:34.565Z"}
{"level":"info","message":"Auth request: GET /api/auth/login","timestamp":"2025-01-28T19:03:34.791Z"}
{"level":"info","message":"Auth request: GET /api/auth/login","timestamp":"2025-01-28T19:03:54.744Z"}
{"level":"info","message":"Server running on http://localhost:3000","timestamp":"2025-01-29T11:42:53.065Z"}
{"level":"info","message":"Connected to MongoDB","timestamp":"2025-01-29T11:42:53.943Z"}
{"level":"info","message":"Auth request: GET /api/auth/login","timestamp":"2025-01-29T11:42:59.709Z"}
